{"level":"info","message":{"duration":"12ms","ip":"::ffff:127.0.0.1","method":"GET","path":"/api","status":404,"user":"anonymous"}}
{"level":"info","message":{"duration":"1ms","ip":"::ffff:127.0.0.1","method":"GET","path":"/favicon.ico","status":404,"user":"anonymous"}}
{"level":"info","message":{"duration":"53ms","ip":"::ffff:127.0.0.1","method":"GET","path":"/api","status":404,"user":"anonymous"}}
{"level":"info","message":{"duration":"4ms","ip":"::ffff:127.0.0.1","method":"GET","path":"/favicon.ico","status":404,"user":"anonymous"}}
{"level":"info","message":{"duration":"67ms","ip":"::1","method":"GET","path":"/categories","status":200,"user":"anonymous"}}
{"level":"info","message":{"duration":"10ms","ip":"::1","method":"GET","path":"/api/onboarding/status","status":404,"user":"anonymous"}}
{"level":"info","message":{"duration":"2ms","ip":"::1","method":"GET","path":"/api/onboarding/status","status":404,"user":"anonymous"}}
{"level":"info","message":{"duration":"3ms","ip":"::1","method":"GET","path":"/api/health","status":404,"user":"anonymous"}}
{"level":"info","message":{"duration":"25ms","ip":"::1","method":"GET","path":"/categories","status":200,"user":"anonymous"}}
{"level":"info","message":{"duration":"5ms","ip":"::1","method":"GET","path":"/categories","status":304,"user":"anonymous"}}
{"level":"info","message":{"duration":"2ms","ip":"::1","method":"GET","path":"/api/onboarding/status","status":404,"user":"anonymous"}}
{"level":"info","message":{"duration":"1ms","ip":"::1","method":"GET","path":"/api/onboarding/status","status":404,"user":"anonymous"}}
{"level":"info","message":{"duration":"26ms","ip":"::1","method":"GET","path":"/categories","status":304,"user":"anonymous"}}
{"level":"info","message":{"duration":"5ms","ip":"::1","method":"GET","path":"/categories","status":304,"user":"anonymous"}}
{"level":"info","message":{"duration":"2ms","ip":"::1","method":"GET","path":"/api/onboarding/status","status":404,"user":"anonymous"}}
{"level":"info","message":{"duration":"2ms","ip":"::1","method":"GET","path":"/api/onboarding/status","status":404,"user":"anonymous"}}
{"level":"info","message":{"duration":"2ms","ip":"::1","method":"GET","path":"/api/onboarding/status","status":404,"user":"anonymous"}}
{"level":"info","message":{"duration":"23ms","ip":"::1","method":"GET","path":"/api/onboarding/status","status":404,"user":"anonymous"}}
{"level":"info","message":{"duration":"66ms","ip":"::1","method":"GET","path":"/categories","status":200,"user":"anonymous"}}
{"level":"info","message":{"duration":"15ms","ip":"::1","method":"GET","path":"/categories","status":304,"user":"anonymous"}}
{"level":"info","message":{"duration":"10ms","ip":"::1","method":"GET","path":"/api/onboarding/status","status":404,"user":"anonymous"}}
{"level":"info","message":{"duration":"3ms","ip":"::1","method":"GET","path":"/api/onboarding/status","status":404,"user":"anonymous"}}
{"level":"info","message":{"duration":"3ms","ip":"::1","method":"GET","path":"/api/onboarding/status","status":404,"user":"anonymous"}}
{"level":"info","message":{"duration":"2ms","ip":"::1","method":"GET","path":"/api/onboarding/status","status":404,"user":"anonymous"}}
{"level":"info","message":{"duration":"3ms","ip":"::1","method":"GET","path":"/api/onboarding/status","status":404,"user":"anonymous"}}
{"level":"info","message":{"duration":"2ms","ip":"::1","method":"GET","path":"/api/onboarding/status","status":404,"user":"anonymous"}}
{"level":"info","message":{"duration":"11ms","ip":"::1","method":"GET","path":"/categories","status":304,"user":"anonymous"}}
{"level":"info","message":{"duration":"35ms","ip":"::1","method":"GET","path":"/categories","status":304,"user":"anonymous"}}
{"level":"info","message":{"duration":"18ms","ip":"::1","method":"GET","path":"/api/onboarding/status","status":404,"user":"anonymous"}}
{"level":"info","message":{"duration":"4ms","ip":"::1","method":"GET","path":"/api/onboarding/status","status":404,"user":"anonymous"}}
{"level":"info","message":{"duration":"1ms","ip":"::1","method":"GET","path":"/api/onboarding/status","status":404,"user":"anonymous"}}
{"level":"info","message":{"duration":"0ms","ip":"::1","method":"GET","path":"/api/onboarding/status","status":404,"user":"anonymous"}}
{"level":"info","message":{"duration":"2ms","ip":"::1","method":"GET","path":"/api/onboarding/status","status":404,"user":"anonymous"}}
{"level":"info","message":{"duration":"1ms","ip":"::1","method":"GET","path":"/api/onboarding/status","status":404,"user":"anonymous"}}
{"level":"info","message":{"duration":"1ms","ip":"::1","method":"GET","path":"/api/onboarding/status","status":404,"user":"anonymous"}}
{"level":"info","message":{"duration":"1ms","ip":"::1","method":"GET","path":"/api/onboarding/status","status":404,"user":"anonymous"}}
{"level":"info","message":{"duration":"1ms","ip":"::1","method":"GET","path":"/api/onboarding/status","status":404,"user":"anonymous"}}
{"level":"info","message":{"duration":"1ms","ip":"::1","method":"GET","path":"/api/onboarding/status","status":404,"user":"anonymous"}}
{"level":"info","message":{"duration":"1ms","ip":"::1","method":"GET","path":"/api/onboarding/status","status":404,"user":"anonymous"}}
{"level":"info","message":{"duration":"1ms","ip":"::1","method":"GET","path":"/api/onboarding/status","status":404,"user":"anonymous"}}
{"level":"info","message":{"duration":"32ms","ip":"::1","method":"GET","path":"/categories","status":304,"user":"anonymous"}}
{"level":"info","message":{"duration":"6ms","ip":"::1","method":"GET","path":"/categories","status":304,"user":"anonymous"}}
{"level":"info","message":{"duration":"39ms","ip":"::1","method":"GET","path":"/categories","status":304,"user":"anonymous"}}
{"level":"info","message":{"duration":"7ms","ip":"::1","method":"GET","path":"/categories","status":304,"user":"anonymous"}}
{"level":"info","message":{"duration":"5ms","ip":"::1","method":"GET","path":"/api/onboarding/status","status":404,"user":"anonymous"}}
{"level":"info","message":{"duration":"2ms","ip":"::1","method":"GET","path":"/api/onboarding/status","status":404,"user":"anonymous"}}
{"level":"info","message":{"duration":"1ms","ip":"::1","method":"GET","path":"/api/onboarding/status","status":404,"user":"anonymous"}}
{"level":"info","message":{"duration":"1ms","ip":"::1","method":"GET","path":"/api/onboarding/status","status":404,"user":"anonymous"}}
{"level":"info","message":{"duration":"6ms","ip":"::1","method":"GET","path":"/categories","status":304,"user":"anonymous"}}
{"level":"info","message":{"duration":"4ms","ip":"::1","method":"GET","path":"/categories","status":304,"user":"anonymous"}}
{"level":"info","message":{"duration":"4ms","ip":"::1","method":"GET","path":"/categories","status":304,"user":"anonymous"}}
{"level":"info","message":{"duration":"3ms","ip":"::1","method":"GET","path":"/categories","status":304,"user":"anonymous"}}
{"level":"info","message":{"duration":"42ms","ip":"::1","method":"GET","path":"/api/onboarding/status","status":404,"user":"anonymous"}}
{"level":"info","message":{"duration":"2ms","ip":"::1","method":"GET","path":"/api/onboarding/status","status":404,"user":"anonymous"}}
{"level":"info","message":{"duration":"4ms","ip":"::1","method":"GET","path":"/api/onboarding/status","status":404,"user":"anonymous"}}
{"level":"info","message":{"duration":"1ms","ip":"::1","method":"GET","path":"/api/onboarding/status","status":404,"user":"anonymous"}}
{"level":"info","message":{"duration":"10ms","ip":"::1","method":"GET","path":"/api/onboarding/status","status":404,"user":"anonymous"}}
{"level":"info","message":{"duration":"1ms","ip":"::1","method":"GET","path":"/api/onboarding/status","status":404,"user":"anonymous"}}
{"level":"info","message":{"duration":"1ms","ip":"::1","method":"GET","path":"/api/onboarding/status","status":404,"user":"anonymous"}}
{"level":"info","message":{"duration":"1ms","ip":"::1","method":"GET","path":"/api/onboarding/status","status":404,"user":"anonymous"}}
{"level":"info","message":{"duration":"2ms","ip":"::1","method":"GET","path":"/api/onboarding/status","status":404,"user":"anonymous"}}
{"level":"info","message":{"duration":"1ms","ip":"::1","method":"GET","path":"/api/onboarding/status","status":404,"user":"anonymous"}}
{"level":"info","message":{"duration":"1ms","ip":"::1","method":"GET","path":"/api/onboarding/status","status":404,"user":"anonymous"}}
{"level":"info","message":{"duration":"1ms","ip":"::1","method":"GET","path":"/api/onboarding/status","status":404,"user":"anonymous"}}
{"level":"info","message":{"duration":"1ms","ip":"::1","method":"GET","path":"/api/onboarding/status","status":404,"user":"anonymous"}}
{"level":"info","message":{"duration":"1ms","ip":"::1","method":"GET","path":"/api/onboarding/status","status":404,"user":"anonymous"}}
{"level":"info","message":{"duration":"2ms","ip":"::1","method":"GET","path":"/api/onboarding/status","status":404,"user":"anonymous"}}
{"level":"info","message":{"duration":"1ms","ip":"::1","method":"GET","path":"/api/onboarding/status","status":404,"user":"anonymous"}}
{"level":"info","message":{"duration":"1ms","ip":"::1","method":"GET","path":"/api/onboarding/status","status":404,"user":"anonymous"}}
{"level":"info","message":{"duration":"1ms","ip":"::1","method":"GET","path":"/api/onboarding/status","status":404,"user":"anonymous"}}
{"level":"info","message":{"duration":"1ms","ip":"::1","method":"GET","path":"/api/onboarding/status","status":404,"user":"anonymous"}}
{"level":"info","message":{"duration":"0ms","ip":"::1","method":"GET","path":"/api/onboarding/status","status":404,"user":"anonymous"}}
{"level":"info","message":{"duration":"13ms","ip":"::1","method":"GET","path":"/api/onboarding/status","status":404,"user":"anonymous"}}
{"level":"info","message":{"duration":"3ms","ip":"::1","method":"GET","path":"/api/onboarding/status","status":404,"user":"anonymous"}}
{"level":"info","message":{"duration":"2ms","ip":"::1","method":"GET","path":"/api/onboarding/status","status":404,"user":"anonymous"}}
{"level":"info","message":{"duration":"2ms","ip":"::1","method":"GET","path":"/api/onboarding/status","status":404,"user":"anonymous"}}
